build/intermediates/manifest_merge_blame_file/release/manifest-merger-blame-release-report.txt
1<?xml version="1.0" encoding="utf-8"?>
2<manifest xmlns:android="http://schemas.android.com/apk/res/android"
3    package="com.cmscure.sdk" >
4
5    <uses-sdk android:minSdkVersion="24" />
6
7    <uses-permission android:name="android.permission.INTERNET" />
7-->src/main/AndroidManifest.xml:3:5-67
7-->src/main/AndroidManifest.xml:3:22-64
8
9    <application
9-->src/main/AndroidManifest.xml:4:5-6:60
10        android:networkSecurityConfig="@xml/network_security_config"
10-->src/main/AndroidManifest.xml:5:9-69
11        android:usesCleartextTraffic="true" >
11-->src/main/AndroidManifest.xml:6:9-44
12    </application>
13
14</manifest>